<?xml version="1.0" encoding="UTF-8"?>
<!-- Generated by org.testng.reporters.JUnitXMLReporter -->
<testsuite ignored="4" hostname="Crystal-PC" failures="0" tests="1" name="Default test" time="5.146" errors="0" timestamp="03 Jun 2021 06:53:37 GMT">
  <testcase classname="APIAutoation.API_Automation.APIAutomationTestingTest" name="verifyGetRequest" time="5.105"/>
  <testcase classname="APIAutoation.API_Automation.APIAutomationTestingTest" name="verifyPutRequest" time="0.0">
    <ignored/>
  </testcase> <!-- verifyPutRequest -->
  <testcase classname="APIAutoation.API_Automation.APIAutomationTestingTest" name="verifyDeleteRequestTest" time="0.0">
    <ignored/>
  </testcase> <!-- verifyDeleteRequestTest -->
  <testcase classname="APIAutoation.API_Automation.APIAutomationTestingTest" name="verifyPostRequest" time="0.0">
    <ignored/>
  </testcase> <!-- verifyPostRequest -->
  <testcase classname="APIAutoation.API_Automation.APIAutomationTestingTest" name="verifyGetRequestById" time="0.0">
    <ignored/>
  </testcase> <!-- verifyGetRequestById -->
</testsuite> <!-- Default test -->
