<?xml version="1.0" encoding="UTF-8"?>
<testng-results ignored="0" total="1" passed="1" failed="0" skipped="0">
  <reporter-output>
  </reporter-output>
  <suite started-at="2021-07-04T13:32:35 IST" name="Default suite" finished-at="2021-07-04T13:32:48 IST" duration-ms="13013">
    <groups>
    </groups>
    <test started-at="2021-07-04T13:32:35 IST" name="Default test" finished-at="2021-07-04T13:32:48 IST" duration-ms="13013">
      <class name="org.testing.TestScripts.Switch">
        <test-method is-config="true" signature="setUp()[pri:0, instance:org.testing.TestScripts.Switch@18ce0030]" started-at="2021-07-04T13:32:35 IST" name="setUp" finished-at="2021-07-04T13:32:45 IST" duration-ms="9523" status="PASS">
          <reporter-output>
          </reporter-output>
        </test-method> <!-- setUp -->
        <test-method signature="clickOnTrending()[pri:0, instance:org.testing.TestScripts.Switch@18ce0030]" started-at="2021-07-04T13:32:45 IST" name="clickOnTrending" finished-at="2021-07-04T13:32:45 IST" duration-ms="417" status="PASS">
          <reporter-output>
          </reporter-output>
        </test-method> <!-- clickOnTrending -->
        <test-method is-config="true" signature="closeDriver()[pri:0, instance:org.testing.TestScripts.Switch@18ce0030]" started-at="2021-07-04T13:32:45 IST" name="closeDriver" finished-at="2021-07-04T13:32:48 IST" duration-ms="3005" status="PASS">
          <reporter-output>
          </reporter-output>
        </test-method> <!-- closeDriver -->
      </class> <!-- org.testing.TestScripts.Switch -->
    </test> <!-- Default test -->
  </suite> <!-- Default suite -->
</testng-results>
