<?xml version="1.0" encoding="UTF-8"?>
<testng-results ignored="0" total="8" passed="8" failed="0" skipped="0">
  <reporter-output>
  </reporter-output>
  <suite started-at="2021-06-09T13:08:39 IST" name="Suite" finished-at="2021-06-09T13:15:38 IST" duration-ms="419273">
    <groups>
    </groups>
    <test started-at="2021-06-09T13:08:39 IST" name="Test" finished-at="2021-06-09T13:15:38 IST" duration-ms="419273">
      <class name="org.testing.TestScripts.TC8">
        <test-method is-config="true" signature="setUp()[pri:0, instance:org.testing.TestScripts.TC8@6193932a]" started-at="2021-06-09T13:14:48 IST" name="setUp" finished-at="2021-06-09T13:15:00 IST" duration-ms="12053" status="PASS">
          <reporter-output>
          </reporter-output>
        </test-method> <!-- setUp -->
        <test-method signature="clickOnLibrary()[pri:0, instance:org.testing.TestScripts.TC8@6193932a]" started-at="2021-06-09T13:15:00 IST" name="clickOnLibrary" finished-at="2021-06-09T13:15:34 IST" duration-ms="34415" status="PASS">
          <reporter-output>
          </reporter-output>
        </test-method> <!-- clickOnLibrary -->
        <test-method is-config="true" signature="tearDown()[pri:0, instance:org.testing.TestScripts.TC8@6193932a]" started-at="2021-06-09T13:15:34 IST" name="tearDown" finished-at="2021-06-09T13:15:38 IST" duration-ms="4158" status="PASS">
          <reporter-output>
          </reporter-output>
        </test-method> <!-- tearDown -->
      </class> <!-- org.testing.TestScripts.TC8 -->
      <class name="org.testing.TestScripts.TC7">
        <test-method is-config="true" signature="setUp()[pri:0, instance:org.testing.TestScripts.TC7@71b1176b]" started-at="2021-06-09T13:13:54 IST" name="setUp" finished-at="2021-06-09T13:14:05 IST" duration-ms="11472" status="PASS">
          <reporter-output>
          </reporter-output>
        </test-method> <!-- setUp -->
        <test-method signature="watchLater()[pri:0, instance:org.testing.TestScripts.TC7@71b1176b]" started-at="2021-06-09T13:14:05 IST" name="watchLater" finished-at="2021-06-09T13:14:45 IST" duration-ms="40022" status="PASS">
          <reporter-output>
          </reporter-output>
        </test-method> <!-- watchLater -->
        <test-method is-config="true" signature="tearDown()[pri:0, instance:org.testing.TestScripts.TC7@71b1176b]" started-at="2021-06-09T13:14:45 IST" name="tearDown" finished-at="2021-06-09T13:14:48 IST" duration-ms="2303" status="PASS">
          <reporter-output>
          </reporter-output>
        </test-method> <!-- tearDown -->
      </class> <!-- org.testing.TestScripts.TC7 -->
      <class name="org.testing.TestScripts.TC4">
        <test-method is-config="true" signature="setUp()[pri:0, instance:org.testing.TestScripts.TC4@12b0404f]" started-at="2021-06-09T13:11:08 IST" name="setUp" finished-at="2021-06-09T13:11:19 IST" duration-ms="11384" status="PASS">
          <reporter-output>
          </reporter-output>
        </test-method> <!-- setUp -->
        <test-method signature="clickOnLike()[pri:0, instance:org.testing.TestScripts.TC4@12b0404f]" started-at="2021-06-09T13:11:19 IST" name="clickOnLike" finished-at="2021-06-09T13:11:58 IST" duration-ms="38247" status="PASS">
          <reporter-output>
          </reporter-output>
        </test-method> <!-- clickOnLike -->
        <test-method is-config="true" signature="tearDown()[pri:0, instance:org.testing.TestScripts.TC4@12b0404f]" started-at="2021-06-09T13:11:58 IST" name="tearDown" finished-at="2021-06-09T13:12:02 IST" duration-ms="4127" status="PASS">
          <reporter-output>
          </reporter-output>
        </test-method> <!-- tearDown -->
      </class> <!-- org.testing.TestScripts.TC4 -->
      <class name="org.testing.TestScripts.TC3">
        <test-method is-config="true" signature="setUp()[pri:0, instance:org.testing.TestScripts.TC3@419c5f1a]" started-at="2021-06-09T13:10:22 IST" name="setUp" finished-at="2021-06-09T13:10:32 IST" duration-ms="10285" status="PASS">
          <reporter-output>
          </reporter-output>
        </test-method> <!-- setUp -->
        <test-method signature="clickOnSubscribe()[pri:0, instance:org.testing.TestScripts.TC3@419c5f1a]" started-at="2021-06-09T13:10:32 IST" name="clickOnSubscribe" finished-at="2021-06-09T13:11:06 IST" duration-ms="33777" status="PASS">
          <reporter-output>
          </reporter-output>
        </test-method> <!-- clickOnSubscribe -->
        <test-method is-config="true" signature="tearDown()[pri:0, instance:org.testing.TestScripts.TC3@419c5f1a]" started-at="2021-06-09T13:11:06 IST" name="tearDown" finished-at="2021-06-09T13:11:08 IST" duration-ms="2283" status="PASS">
          <reporter-output>
          </reporter-output>
        </test-method> <!-- tearDown -->
      </class> <!-- org.testing.TestScripts.TC3 -->
      <class name="org.testing.TestScripts.TC6">
        <test-method is-config="true" signature="setUp()[pri:0, instance:org.testing.TestScripts.TC6@5276e6b0]" started-at="2021-06-09T13:12:55 IST" name="setUp" finished-at="2021-06-09T13:13:07 IST" duration-ms="12367" status="PASS">
          <reporter-output>
          </reporter-output>
        </test-method> <!-- setUp -->
        <test-method signature="commentVideo()[pri:0, instance:org.testing.TestScripts.TC6@5276e6b0]" started-at="2021-06-09T13:13:07 IST" name="commentVideo" finished-at="2021-06-09T13:13:50 IST" duration-ms="42302" status="PASS">
          <reporter-output>
          </reporter-output>
        </test-method> <!-- commentVideo -->
        <test-method is-config="true" signature="tearDown()[pri:0, instance:org.testing.TestScripts.TC6@5276e6b0]" started-at="2021-06-09T13:13:50 IST" name="tearDown" finished-at="2021-06-09T13:13:54 IST" duration-ms="4144" status="PASS">
          <reporter-output>
          </reporter-output>
        </test-method> <!-- tearDown -->
      </class> <!-- org.testing.TestScripts.TC6 -->
      <class name="org.testing.TestScripts.TC5">
        <test-method is-config="true" signature="setUp()[pri:0, instance:org.testing.TestScripts.TC5@769e7ee8]" started-at="2021-06-09T13:12:02 IST" name="setUp" finished-at="2021-06-09T13:12:13 IST" duration-ms="11079" status="PASS">
          <reporter-output>
          </reporter-output>
        </test-method> <!-- setUp -->
        <test-method signature="clickOnChannelSubs()[pri:0, instance:org.testing.TestScripts.TC5@769e7ee8]" started-at="2021-06-09T13:12:13 IST" name="clickOnChannelSubs" finished-at="2021-06-09T13:12:53 IST" duration-ms="39929" status="PASS">
          <reporter-output>
          </reporter-output>
        </test-method> <!-- clickOnChannelSubs -->
        <test-method is-config="true" signature="tearDown()[pri:0, instance:org.testing.TestScripts.TC5@769e7ee8]" started-at="2021-06-09T13:12:53 IST" name="tearDown" finished-at="2021-06-09T13:12:55 IST" duration-ms="2312" status="PASS">
          <reporter-output>
          </reporter-output>
        </test-method> <!-- tearDown -->
      </class> <!-- org.testing.TestScripts.TC5 -->
      <class name="org.testing.TestScripts.TC2">
        <test-method is-config="true" signature="setUp()[pri:0, instance:org.testing.TestScripts.TC2@56de5251]" started-at="2021-06-09T13:09:33 IST" name="setUp" finished-at="2021-06-09T13:09:46 IST" duration-ms="12499" status="PASS">
          <reporter-output>
          </reporter-output>
        </test-method> <!-- setUp -->
        <test-method signature="clickHistory()[pri:0, instance:org.testing.TestScripts.TC2@56de5251]" started-at="2021-06-09T13:09:46 IST" name="clickHistory" finished-at="2021-06-09T13:10:19 IST" duration-ms="33831" status="PASS">
          <reporter-output>
          </reporter-output>
        </test-method> <!-- clickHistory -->
        <test-method is-config="true" signature="tearDown()[pri:0, instance:org.testing.TestScripts.TC2@56de5251]" started-at="2021-06-09T13:10:19 IST" name="tearDown" finished-at="2021-06-09T13:10:22 IST" duration-ms="2202" status="PASS">
          <reporter-output>
          </reporter-output>
        </test-method> <!-- tearDown -->
      </class> <!-- org.testing.TestScripts.TC2 -->
      <class name="org.testing.TestScripts.TC1">
        <test-method is-config="true" signature="setUp()[pri:0, instance:org.testing.TestScripts.TC1@163e4e87]" started-at="2021-06-09T13:08:39 IST" name="setUp" finished-at="2021-06-09T13:08:51 IST" duration-ms="12337" status="PASS">
          <reporter-output>
          </reporter-output>
        </test-method> <!-- setUp -->
        <test-method signature="clickOnTrending()[pri:0, instance:org.testing.TestScripts.TC1@163e4e87]" started-at="2021-06-09T13:08:51 IST" name="clickOnTrending" finished-at="2021-06-09T13:09:31 IST" duration-ms="39299" status="PASS">
          <reporter-output>
          </reporter-output>
        </test-method> <!-- clickOnTrending -->
        <test-method is-config="true" signature="tearDown()[pri:0, instance:org.testing.TestScripts.TC1@163e4e87]" started-at="2021-06-09T13:09:31 IST" name="tearDown" finished-at="2021-06-09T13:09:33 IST" duration-ms="2286" status="PASS">
          <reporter-output>
          </reporter-output>
        </test-method> <!-- tearDown -->
      </class> <!-- org.testing.TestScripts.TC1 -->
    </test> <!-- Test -->
  </suite> <!-- Suite -->
</testng-results>
