<?xml version="1.0" encoding="UTF-8"?>
<testng-results ignored="0" total="1" passed="1" failed="0" skipped="0">
  <reporter-output>
  </reporter-output>
  <suite started-at="2021-07-04T10:40:44 IST" name="Default suite" finished-at="2021-07-04T10:41:34 IST" duration-ms="49720">
    <groups>
    </groups>
    <test started-at="2021-07-04T10:40:44 IST" name="Default test" finished-at="2021-07-04T10:41:34 IST" duration-ms="49720">
      <class name="com.qa.PracticeCode.SwitchWindows">
        <test-method signature="practice()[pri:0, instance:com.qa.PracticeCode.SwitchWindows@61230f6a]" started-at="2021-07-04T10:40:44 IST" name="practice" finished-at="2021-07-04T10:41:33 IST" duration-ms="48462" status="PASS">
          <reporter-output>
          </reporter-output>
        </test-method> <!-- practice -->
      </class> <!-- com.qa.PracticeCode.SwitchWindows -->
    </test> <!-- Default test -->
  </suite> <!-- Default suite -->
</testng-results>
