<?xml version="1.0" encoding="UTF-8"?>
<testng-results ignored="4" total="5" passed="1" failed="0" skipped="0">
  <reporter-output>
  </reporter-output>
  <suite started-at="2021-05-15T10:22:08Z" name="Default suite" finished-at="2021-05-15T10:22:11Z" duration-ms="2782">
    <groups>
    </groups>
    <test started-at="2021-05-15T10:22:08Z" name="Default test" finished-at="2021-05-15T10:22:11Z" duration-ms="2782">
      <class name="APIAutoation.API_Automation.APIAutomationTestingTest">
        <test-method signature="verifyGetRequest()[pri:0, instance:APIAutoation.API_Automation.APIAutomationTestingTest@2e6a8155]" started-at="2021-05-15T15:52:08Z" name="verifyGetRequest" finished-at="2021-05-15T15:52:11Z" duration-ms="2749" status="PASS">
          <reporter-output>
          </reporter-output>
        </test-method> <!-- verifyGetRequest -->
      </class> <!-- APIAutoation.API_Automation.APIAutomationTestingTest -->
    </test> <!-- Default test -->
  </suite> <!-- Default suite -->
</testng-results>
