<?xml version="1.0" encoding="UTF-8"?>
<!-- Generated by org.testng.reporters.JUnitXMLReporter -->
<testsuite ignored="0" hostname="Crystal-PC" failures="0" tests="8" name="Test" time="419.273" errors="0" timestamp="2021-06-09T13:15:38 IST">
  <testcase classname="org.testing.TestScripts.TC1" name="clickOnTrending" time="39.299"/>
  <testcase classname="org.testing.TestScripts.TC2" name="clickHistory" time="33.831"/>
  <testcase classname="org.testing.TestScripts.TC3" name="clickOnSubscribe" time="33.777"/>
  <testcase classname="org.testing.TestScripts.TC4" name="clickOnLike" time="38.247"/>
  <testcase classname="org.testing.TestScripts.TC5" name="clickOnChannelSubs" time="39.929"/>
  <testcase classname="org.testing.TestScripts.TC6" name="commentVideo" time="42.302"/>
  <testcase classname="org.testing.TestScripts.TC7" name="watchLater" time="40.022"/>
  <testcase classname="org.testing.TestScripts.TC8" name="clickOnLibrary" time="34.415"/>
</testsuite> <!-- Test -->
