<?xml version="1.0" encoding="UTF-8"?>
<!-- Generated by org.testng.reporters.JUnitXMLReporter -->
<testsuite ignored="0" hostname="Crystal-PC" failures="0" tests="8" name="Test" time="486.337" errors="0" timestamp="2021-06-21T17:06:12 IST">
  <testcase classname="org.testing.TestScripts.TC1" name="clickOnTrending" time="40.852"/>
  <testcase classname="org.testing.TestScripts.TC2" name="clickHistory" time="38.537"/>
  <testcase classname="org.testing.TestScripts.TC3" name="clickOnSubscribe" time="50.809"/>
  <testcase classname="org.testing.TestScripts.TC4" name="clickOnLike" time="45.395"/>
  <testcase classname="org.testing.TestScripts.TC5" name="clickOnChannelSubs" time="41.423"/>
  <testcase classname="org.testing.TestScripts.TC6" name="commentVideo" time="48.813"/>
  <testcase classname="org.testing.TestScripts.TC7" name="watchLater" time="47.537"/>
  <testcase classname="org.testing.TestScripts.TC8" name="clickOnLibrary" time="42.207"/>
</testsuite> <!-- Test -->
